<?xml version="1.0" encoding="UTF-8"?>
<!-- Generated by org.testng.reporters.JUnitXMLReporter -->
<testsuite ignored="0" hostname="DESKTOP-G57CLC5" failures="0" tests="13" name="Default test" time="63.148" errors="0" timestamp="2025-08-25T16:31:57 AST">
  <testcase classname="Test.UserTests" name="NewCustomer" time="3.075"/>
  <testcase classname="Test.UserTests" name="testRegister" time="3.454"/>
  <testcase classname="Test.UserTests" name="testRegister2" time="6.676"/>
  <testcase classname="Test.UserTests" name="testLogout" time="2.891"/>
  <testcase classname="Test.UserTests" name="testLogin" time="0.178"/>
  <testcase classname="Test.UserTests" name="viewingProductDetailsAndAddToCart" time="9.817"/>
  <testcase classname="Test.UserTests" name="testCartAndCheckout" time="4.797"/>
  <testcase classname="Test.UserTests" name="testPayment" time="7.824"/>
  <testcase classname="Test.UserTests" name="contactUs" time="5.77"/>
  <testcase classname="Test.UserTests" name="Subscription" time="2.199"/>
  <testcase classname="Test.UserTests" name="testSelectRandomBrand" time="0.993"/>
  <testcase classname="Test.UserTests" name="testSelectRandomBrand" time="0.939"/>
  <testcase classname="Test.UserTests" name="Review" time="7.529"/>
</testsuite> <!-- Default test -->
