<?xml version="1.0" encoding="UTF-8"?>
<!-- Generated by org.testng.reporters.JUnitXMLReporter -->
<testsuite ignored="0" hostname="DESKTOP-G57CLC5" failures="0" tests="13" name="Default test" time="141.724" errors="0" timestamp="2025-08-25T21:18:24 AST">
  <testcase classname="Test.UserTests" name="NewCustomer" time="3.875"/>
  <testcase classname="Test.UserTests" name="testRegister" time="3.976"/>
  <testcase classname="Test.UserTests" name="testRegister2" time="11.932"/>
  <testcase classname="Test.UserTests" name="testLogout" time="3.415"/>
  <testcase classname="Test.UserTests" name="testLogin" time="6.373"/>
  <testcase classname="Test.UserTests" name="viewingProductDetailsAndAddToCart" time="27.597"/>
  <testcase classname="Test.UserTests" name="testCartAndCheckout" time="11.657"/>
  <testcase classname="Test.UserTests" name="testPayment" time="14.152"/>
  <testcase classname="Test.UserTests" name="contactUs" time="14.31"/>
  <testcase classname="Test.UserTests" name="Subscription" time="2.478"/>
  <testcase classname="Test.UserTests" name="testSelectRandomBrand" time="5.394"/>
  <testcase classname="Test.UserTests" name="testSelectRandomBrand" time="6.833"/>
  <testcase classname="Test.UserTests" name="Review" time="14.886"/>
</testsuite> <!-- Default test -->
