<?xml version="1.0" encoding="UTF-8"?>
<testng-results ignored="0" total="13" passed="13" failed="0" skipped="0">
  <reporter-output>
  </reporter-output>
  <suite started-at="2025-08-25T16:30:54 AST" name="Default suite" finished-at="2025-08-25T16:31:57 AST" duration-ms="63148">
    <groups>
    </groups>
    <test started-at="2025-08-25T16:30:54 AST" name="Default test" finished-at="2025-08-25T16:31:57 AST" duration-ms="63148">
      <class name="Test.UserTests">
        <test-method is-config="true" signature="setup()[pri:0, instance:Test.UserTests@6a78afa0]" started-at="2025-08-25T16:30:54 AST" name="setup" finished-at="2025-08-25T16:31:00 AST" duration-ms="6551" status="PASS">
          <reporter-output>
          </reporter-output>
        </test-method> <!-- setup -->
        <test-method signature="NewCustomer()[pri:1, instance:Test.UserTests@6a78afa0]" started-at="2025-08-25T16:31:00 AST" name="NewCustomer" finished-at="2025-08-25T16:31:03 AST" duration-ms="3075" status="PASS">
          <reporter-output>
          </reporter-output>
        </test-method> <!-- NewCustomer -->
        <test-method signature="testRegister()[pri:2, instance:Test.UserTests@6a78afa0]" started-at="2025-08-25T16:31:03 AST" name="testRegister" finished-at="2025-08-25T16:31:07 AST" duration-ms="3454" status="PASS">
          <reporter-output>
          </reporter-output>
        </test-method> <!-- testRegister -->
        <test-method signature="testRegister2()[pri:3, instance:Test.UserTests@6a78afa0]" started-at="2025-08-25T16:31:07 AST" name="testRegister2" finished-at="2025-08-25T16:31:13 AST" duration-ms="6676" status="PASS">
          <reporter-output>
          </reporter-output>
        </test-method> <!-- testRegister2 -->
        <test-method signature="testLogout()[pri:4, instance:Test.UserTests@6a78afa0]" started-at="2025-08-25T16:31:13 AST" name="testLogout" finished-at="2025-08-25T16:31:16 AST" duration-ms="2891" status="PASS">
          <reporter-output>
          </reporter-output>
        </test-method> <!-- testLogout -->
        <test-method signature="testLogin()[pri:5, instance:Test.UserTests@6a78afa0]" started-at="2025-08-25T16:31:16 AST" name="testLogin" finished-at="2025-08-25T16:31:17 AST" depends-on-methods="Test.UserTests.testRegister" duration-ms="178" status="PASS">
          <reporter-output>
          </reporter-output>
        </test-method> <!-- testLogin -->
        <test-method signature="viewingProductDetailsAndAddToCart()[pri:6, instance:Test.UserTests@6a78afa0]" started-at="2025-08-25T16:31:17 AST" name="viewingProductDetailsAndAddToCart" finished-at="2025-08-25T16:31:26 AST" duration-ms="9817" status="PASS">
          <reporter-output>
          </reporter-output>
        </test-method> <!-- viewingProductDetailsAndAddToCart -->
        <test-method signature="testCartAndCheckout()[pri:7, instance:Test.UserTests@6a78afa0]" started-at="2025-08-25T16:31:26 AST" name="testCartAndCheckout" finished-at="2025-08-25T16:31:31 AST" duration-ms="4797" status="PASS">
          <reporter-output>
          </reporter-output>
        </test-method> <!-- testCartAndCheckout -->
        <test-method signature="testPayment()[pri:8, instance:Test.UserTests@6a78afa0]" started-at="2025-08-25T16:31:31 AST" name="testPayment" finished-at="2025-08-25T16:31:39 AST" depends-on-methods="Test.UserTests.testCartAndCheckout, Test.UserTests.viewingProductDetailsAndAddToCart" duration-ms="7824" status="PASS">
          <reporter-output>
          </reporter-output>
        </test-method> <!-- testPayment -->
        <test-method signature="contactUs()[pri:9, instance:Test.UserTests@6a78afa0]" started-at="2025-08-25T16:31:39 AST" name="contactUs" finished-at="2025-08-25T16:31:45 AST" duration-ms="5770" status="PASS">
          <reporter-output>
          </reporter-output>
        </test-method> <!-- contactUs -->
        <test-method signature="Subscription()[pri:10, instance:Test.UserTests@6a78afa0]" started-at="2025-08-25T16:31:45 AST" name="Subscription" finished-at="2025-08-25T16:31:47 AST" duration-ms="2199" status="PASS">
          <reporter-output>
          </reporter-output>
        </test-method> <!-- Subscription -->
        <test-method signature="testSelectRandomBrand()[pri:11, instance:Test.UserTests@6a78afa0]" started-at="2025-08-25T16:31:47 AST" name="testSelectRandomBrand" finished-at="2025-08-25T16:31:48 AST" duration-ms="993" status="PASS">
          <reporter-output>
          </reporter-output>
        </test-method> <!-- testSelectRandomBrand -->
        <test-method signature="testSelectRandomBrand()[pri:11, instance:Test.UserTests@6a78afa0]" started-at="2025-08-25T16:31:48 AST" name="testSelectRandomBrand" finished-at="2025-08-25T16:31:49 AST" duration-ms="939" status="PASS">
          <reporter-output>
          </reporter-output>
        </test-method> <!-- testSelectRandomBrand -->
        <test-method signature="Review()[pri:12, instance:Test.UserTests@6a78afa0]" started-at="2025-08-25T16:31:49 AST" name="Review" finished-at="2025-08-25T16:31:56 AST" duration-ms="7529" status="PASS">
          <reporter-output>
          </reporter-output>
        </test-method> <!-- Review -->
        <test-method is-config="true" signature="teardown()[pri:0, instance:Test.UserTests@6a78afa0]" started-at="2025-08-25T16:31:56 AST" name="teardown" finished-at="2025-08-25T16:31:57 AST" duration-ms="397" status="PASS">
          <reporter-output>
          </reporter-output>
        </test-method> <!-- teardown -->
      </class> <!-- Test.UserTests -->
    </test> <!-- Default test -->
  </suite> <!-- Default suite -->
</testng-results>
